<?xml version="1.0" encoding="UTF-8"?>
<!-- Generated by org.testng.reporters.JUnitReportReporter -->
<testsuite hostname="DESKTOP-H21MM63" name="com.test.SeleniumJava_Oct1.TestNGAnnotations" tests="1" failures="0" timestamp="3 Nov 2020 14:59:55 GMT" time="0.024" errors="0">
  <testcase name="AnnotationsTest" time="0.024" classname="com.test.SeleniumJava_Oct1.TestNGAnnotations"/>
</testsuite> <!-- com.test.SeleniumJava_Oct1.TestNGAnnotations -->
