<?xml version="1.0" encoding="UTF-8"?>
<!-- Generated by org.testng.reporters.JUnitReportReporter -->
<testsuite hostname="DESKTOP-H21MM63" name="com.test.SeleniumJava_Oct1.TestNGDemo2" tests="4" failures="0" timestamp="3 Nov 2020 14:50:32 GMT" time="0.086" errors="0">
  <testcase name="TC1" time="0.068" classname="com.test.SeleniumJava_Oct1.TestNGDemo2"/>
  <testcase name="Animal" time="0.005" classname="com.test.SeleniumJava_Oct1.TestNGDemo2"/>
  <testcase name="TC2" time="0.010" classname="com.test.SeleniumJava_Oct1.TestNGDemo2"/>
  <testcase name="vegitable" time="0.003" classname="com.test.SeleniumJava_Oct1.TestNGDemo2"/>
</testsuite> <!-- com.test.SeleniumJava_Oct1.TestNGDemo2 -->
