<?xml version="1.0" encoding="UTF-8"?>
<!-- Generated by org.testng.reporters.JUnitReportReporter -->
<testsuite hostname="DESKTOP-H21MM63" name="com.test.SeleniumJava_Oct1.TestNGDemo1" tests="2" failures="0" timestamp="3 Nov 2020 15:08:57 GMT" time="24.058" errors="0">
  <testcase name="TC2" time="13.971" classname="com.test.SeleniumJava_Oct1.TestNGDemo1"/>
  <testcase name="TC1" time="10.087" classname="com.test.SeleniumJava_Oct1.TestNGDemo1"/>
</testsuite> <!-- com.test.SeleniumJava_Oct1.TestNGDemo1 -->
