<?xml version="1.0" encoding="UTF-8"?>
<!-- Generated by org.testng.reporters.JUnitReportReporter -->
<testsuite hostname="DESKTOP-H21MM63" name="com.test.SeleniumJava_Oct1.TestNGDemo2" tests="4" failures="0" timestamp="4 Nov 2020 14:20:40 GMT" time="0.168" errors="0">
  <testcase name="TC1" time="0.145" classname="com.test.SeleniumJava_Oct1.TestNGDemo2"/>
  <testcase name="vegitable" time="0.002" classname="com.test.SeleniumJava_Oct1.TestNGDemo2"/>
  <testcase name="Animal" time="0.003" classname="com.test.SeleniumJava_Oct1.TestNGDemo2"/>
  <testcase name="TC2" time="0.018" classname="com.test.SeleniumJava_Oct1.TestNGDemo2"/>
</testsuite> <!-- com.test.SeleniumJava_Oct1.TestNGDemo2 -->
