<?xml version="1.0" encoding="UTF-8"?>
<!-- Generated by org.testng.reporters.JUnitReportReporter -->
<testsuite hostname="DESKTOP-H21MM63" name="com.test.SeleniumJava_Oct1.TestNGDemo1" tests="2" failures="0" timestamp="4 Nov 2020 14:20:40 GMT" time="41.430" errors="0">
  <testcase name="TC2" time="32.542" classname="com.test.SeleniumJava_Oct1.TestNGDemo1"/>
  <testcase name="TC1" time="8.888" classname="com.test.SeleniumJava_Oct1.TestNGDemo1"/>
</testsuite> <!-- com.test.SeleniumJava_Oct1.TestNGDemo1 -->
