<?xml version="1.0" encoding="UTF-8"?>
<!-- Generated by org.testng.reporters.JUnitReportReporter -->
<testsuite hostname="DESKTOP-H21MM63" name="TestNGPackage.GoogleDemo" tests="5" failures="0" timestamp="30 Oct 2020 15:06:11 GMT" time="29.160" errors="0">
  <testcase name="google" time="1.334" classname="TestNGPackage.GoogleDemo"/>
  <testcase name="spicejet" time="12.634" classname="TestNGPackage.GoogleDemo"/>
  <testcase name="google" time="2.479" classname="TestNGPackage.GoogleDemo"/>
  <testcase name="google" time="2.530" classname="TestNGPackage.GoogleDemo"/>
  <testcase name="spicejet" time="10.183" classname="TestNGPackage.GoogleDemo"/>
</testsuite> <!-- TestNGPackage.GoogleDemo -->
