<?xml version="1.0" encoding="UTF-8"?>
<!-- Generated by org.testng.reporters.JUnitReportReporter -->
<testsuite hostname="DESKTOP-H21MM63" name="TestNGPackage.TestNGDemo1" tests="4" failures="0" timestamp="30 Oct 2020 14:34:21 GMT" time="0.027" errors="0">
  <testcase name="vegitable" time="0.001" classname="TestNGPackage.TestNGDemo1"/>
  <testcase name="TC2" time="0.004" classname="TestNGPackage.TestNGDemo1"/>
  <testcase name="TC1" time="0.019" classname="TestNGPackage.TestNGDemo1"/>
  <testcase name="Animal" time="0.003" classname="TestNGPackage.TestNGDemo1"/>
</testsuite> <!-- TestNGPackage.TestNGDemo1 -->
